  main.c
C:\Users\958\Desktop\langTranslation\ConsoleApplication1\ConsoleApplication1\main.c(10,7): error C2332: 'enum': missing tag name
C:\Users\958\Desktop\langTranslation\ConsoleApplication1\ConsoleApplication1\main.c(10,7): error C2628: '<unnamed-tag>' followed by 'bool' is illegal (did you forget a ';'?)
C:\Users\958\Desktop\langTranslation\ConsoleApplication1\ConsoleApplication1\main.c(10,12): error C2059: syntax error: 'constant'
C:\Users\958\Desktop\langTranslation\ConsoleApplication1\ConsoleApplication1\main.c(140,25): warning C4018: '<': signed/unsigned mismatch
C:\Users\958\Desktop\langTranslation\ConsoleApplication1\ConsoleApplication1\main.c(164,25): warning C4018: '<': signed/unsigned mismatch
C:\Users\958\Desktop\langTranslation\ConsoleApplication1\ConsoleApplication1\main.c(198,22): warning C4018: '<': signed/unsigned mismatch
C:\Users\958\Desktop\langTranslation\ConsoleApplication1\ConsoleApplication1\main.c(212,22): warning C4018: '<': signed/unsigned mismatch
C:\Users\958\Desktop\langTranslation\ConsoleApplication1\ConsoleApplication1\main.c(230,10): warning C4013: 'isOpen' undefined; assuming extern returning int
C:\Users\958\Desktop\langTranslation\ConsoleApplication1\ConsoleApplication1\main.c(235,12): warning C4013: 'fileCopy' undefined; assuming extern returning int
C:\Users\958\Desktop\langTranslation\ConsoleApplication1\ConsoleApplication1\main.c(237,18): warning C4133: 'function': incompatible types - from 'char [99]' to 'FILE *'
C:\Users\958\Desktop\langTranslation\ConsoleApplication1\ConsoleApplication1\main.c(238,18): warning C4133: 'function': incompatible types - from 'char [99]' to 'FILE *'
C:\Users\958\Desktop\langTranslation\ConsoleApplication1\ConsoleApplication1\main.c(36,3): warning C4996: 'strcpy': This function or variable may be unsafe. Consider using strcpy_s instead. To disable deprecation, use _CRT_SECURE_NO_WARNINGS. See online help for details.
C:\Users\958\Desktop\langTranslation\ConsoleApplication1\ConsoleApplication1\main.c(40,4): warning C4996: 'strcat': This function or variable may be unsafe. Consider using strcat_s instead. To disable deprecation, use _CRT_SECURE_NO_WARNINGS. See online help for details.
C:\Users\958\Desktop\langTranslation\ConsoleApplication1\ConsoleApplication1\main.c(51,4): warning C4996: 'strcpy': This function or variable may be unsafe. Consider using strcpy_s instead. To disable deprecation, use _CRT_SECURE_NO_WARNINGS. See online help for details.
C:\Users\958\Desktop\langTranslation\ConsoleApplication1\ConsoleApplication1\main.c(54,5): warning C4996: 'strcat': This function or variable may be unsafe. Consider using strcat_s instead. To disable deprecation, use _CRT_SECURE_NO_WARNINGS. See online help for details.
C:\Users\958\Desktop\langTranslation\ConsoleApplication1\ConsoleApplication1\main.c(71,4): warning C4996: 'scanf': This function or variable may be unsafe. Consider using scanf_s instead. To disable deprecation, use _CRT_SECURE_NO_WARNINGS. See online help for details.
C:\Users\958\Desktop\langTranslation\ConsoleApplication1\ConsoleApplication1\main.c(75,5): warning C4996: 'strcat': This function or variable may be unsafe. Consider using strcat_s instead. To disable deprecation, use _CRT_SECURE_NO_WARNINGS. See online help for details.
C:\Users\958\Desktop\langTranslation\ConsoleApplication1\ConsoleApplication1\main.c(105,4): warning C4996: 'scanf': This function or variable may be unsafe. Consider using scanf_s instead. To disable deprecation, use _CRT_SECURE_NO_WARNINGS. See online help for details.
C:\Users\958\Desktop\langTranslation\ConsoleApplication1\ConsoleApplication1\main.c(108,5): warning C4996: 'strcat': This function or variable may be unsafe. Consider using strcat_s instead. To disable deprecation, use _CRT_SECURE_NO_WARNINGS. See online help for details.
C:\Users\958\Desktop\langTranslation\ConsoleApplication1\ConsoleApplication1\main.c(126,5): warning C4996: 'scanf': This function or variable may be unsafe. Consider using scanf_s instead. To disable deprecation, use _CRT_SECURE_NO_WARNINGS. See online help for details.
C:\Users\958\Desktop\langTranslation\ConsoleApplication1\ConsoleApplication1\main.c(136,6): warning C4996: 'strcpy': This function or variable may be unsafe. Consider using strcpy_s instead. To disable deprecation, use _CRT_SECURE_NO_WARNINGS. See online help for details.
C:\Users\958\Desktop\langTranslation\ConsoleApplication1\ConsoleApplication1\main.c(148,6): warning C4996: 'strcat': This function or variable may be unsafe. Consider using strcat_s instead. To disable deprecation, use _CRT_SECURE_NO_WARNINGS. See online help for details.
C:\Users\958\Desktop\langTranslation\ConsoleApplication1\ConsoleApplication1\main.c(160,6): warning C4996: 'strcpy': This function or variable may be unsafe. Consider using strcpy_s instead. To disable deprecation, use _CRT_SECURE_NO_WARNINGS. See online help for details.
C:\Users\958\Desktop\langTranslation\ConsoleApplication1\ConsoleApplication1\main.c(195,3): warning C4996: 'strcpy': This function or variable may be unsafe. Consider using strcpy_s instead. To disable deprecation, use _CRT_SECURE_NO_WARNINGS. See online help for details.
C:\Users\958\Desktop\langTranslation\ConsoleApplication1\ConsoleApplication1\main.c(206,3): warning C4996: 'strcat': This function or variable may be unsafe. Consider using strcat_s instead. To disable deprecation, use _CRT_SECURE_NO_WARNINGS. See online help for details.
C:\Users\958\Desktop\langTranslation\ConsoleApplication1\ConsoleApplication1\main.c(209,3): warning C4996: 'strcpy': This function or variable may be unsafe. Consider using strcpy_s instead. To disable deprecation, use _CRT_SECURE_NO_WARNINGS. See online help for details.
C:\Users\958\Desktop\langTranslation\ConsoleApplication1\ConsoleApplication1\main.c(220,3): warning C4996: 'strcat': This function or variable may be unsafe. Consider using strcat_s instead. To disable deprecation, use _CRT_SECURE_NO_WARNINGS. See online help for details.
C:\Users\958\Desktop\langTranslation\ConsoleApplication1\ConsoleApplication1\main.c(227,4): warning C4996: 'strcat': This function or variable may be unsafe. Consider using strcat_s instead. To disable deprecation, use _CRT_SECURE_NO_WARNINGS. See online help for details.
C:\Users\958\Desktop\langTranslation\ConsoleApplication1\ConsoleApplication1\main.c(229,10): warning C4996: 'fopen': This function or variable may be unsafe. Consider using fopen_s instead. To disable deprecation, use _CRT_SECURE_NO_WARNINGS. See online help for details.
C:\Users\958\Desktop\langTranslation\ConsoleApplication1\ConsoleApplication1\main.c(232,10): warning C4996: 'fopen': This function or variable may be unsafe. Consider using fopen_s instead. To disable deprecation, use _CRT_SECURE_NO_WARNINGS. See online help for details.
C:\Users\958\Desktop\langTranslation\ConsoleApplication1\ConsoleApplication1\main.c(242,8): warning C4996: 'fopen': This function or variable may be unsafe. Consider using fopen_s instead. To disable deprecation, use _CRT_SECURE_NO_WARNINGS. See online help for details.
C:\Users\958\Desktop\langTranslation\ConsoleApplication1\ConsoleApplication1\main.c(245,9): warning C4996: 'fopen': This function or variable may be unsafe. Consider using fopen_s instead. To disable deprecation, use _CRT_SECURE_NO_WARNINGS. See online help for details.
C:\Users\958\Desktop\langTranslation\ConsoleApplication1\ConsoleApplication1\main.c(248,10): warning C4996: 'fopen': This function or variable may be unsafe. Consider using fopen_s instead. To disable deprecation, use _CRT_SECURE_NO_WARNINGS. See online help for details.
C:\Users\958\Desktop\langTranslation\ConsoleApplication1\ConsoleApplication1\main.c(251,10): warning C4996: 'fopen': This function or variable may be unsafe. Consider using fopen_s instead. To disable deprecation, use _CRT_SECURE_NO_WARNINGS. See online help for details.
