C:\Program Files (x86)\Microsoft Visual Studio\2019\Community\MSBuild\Microsoft\VC\v160\Microsoft.CppBuild.targets(513,5): warning MSB8028: The intermediate directory (Debug\) contains files shared from another project (LangProg1.vcxproj).  This can lead to incorrect clean and rebuild behavior.
  Scanner.c
C:\Users\caleb\OneDrive\Desktop\Language TRANSLATION\Programs\Program 1\LangProg2\Scanner.c(140,17): warning C4101: 'i': unreferenced local variable
C:\Users\caleb\OneDrive\Desktop\Language TRANSLATION\Programs\Program 1\LangProg2\Scanner.c(319,9): warning C4996: 'strcpy': This function or variable may be unsafe. Consider using strcpy_s instead. To disable deprecation, use _CRT_SECURE_NO_WARNINGS. See online help for details.
C:\Users\caleb\OneDrive\Desktop\Language TRANSLATION\Programs\Program 1\LangProg2\Scanner.c(322,9): warning C4996: 'strcpy': This function or variable may be unsafe. Consider using strcpy_s instead. To disable deprecation, use _CRT_SECURE_NO_WARNINGS. See online help for details.
C:\Users\caleb\OneDrive\Desktop\Language TRANSLATION\Programs\Program 1\LangProg2\Scanner.c(325,9): warning C4996: 'strcpy': This function or variable may be unsafe. Consider using strcpy_s instead. To disable deprecation, use _CRT_SECURE_NO_WARNINGS. See online help for details.
C:\Users\caleb\OneDrive\Desktop\Language TRANSLATION\Programs\Program 1\LangProg2\Scanner.c(328,9): warning C4996: 'strcpy': This function or variable may be unsafe. Consider using strcpy_s instead. To disable deprecation, use _CRT_SECURE_NO_WARNINGS. See online help for details.
C:\Users\caleb\OneDrive\Desktop\Language TRANSLATION\Programs\Program 1\LangProg2\Scanner.c(331,9): warning C4996: 'strcpy': This function or variable may be unsafe. Consider using strcpy_s instead. To disable deprecation, use _CRT_SECURE_NO_WARNINGS. See online help for details.
C:\Users\caleb\OneDrive\Desktop\Language TRANSLATION\Programs\Program 1\LangProg2\Scanner.c(334,9): warning C4996: 'strcpy': This function or variable may be unsafe. Consider using strcpy_s instead. To disable deprecation, use _CRT_SECURE_NO_WARNINGS. See online help for details.
C:\Users\caleb\OneDrive\Desktop\Language TRANSLATION\Programs\Program 1\LangProg2\Scanner.c(337,9): warning C4996: 'strcpy': This function or variable may be unsafe. Consider using strcpy_s instead. To disable deprecation, use _CRT_SECURE_NO_WARNINGS. See online help for details.
C:\Users\caleb\OneDrive\Desktop\Language TRANSLATION\Programs\Program 1\LangProg2\Scanner.c(340,9): warning C4996: 'strcpy': This function or variable may be unsafe. Consider using strcpy_s instead. To disable deprecation, use _CRT_SECURE_NO_WARNINGS. See online help for details.
C:\Users\caleb\OneDrive\Desktop\Language TRANSLATION\Programs\Program 1\LangProg2\Scanner.c(343,9): warning C4996: 'strcpy': This function or variable may be unsafe. Consider using strcpy_s instead. To disable deprecation, use _CRT_SECURE_NO_WARNINGS. See online help for details.
C:\Users\caleb\OneDrive\Desktop\Language TRANSLATION\Programs\Program 1\LangProg2\Scanner.c(346,9): warning C4996: 'strcpy': This function or variable may be unsafe. Consider using strcpy_s instead. To disable deprecation, use _CRT_SECURE_NO_WARNINGS. See online help for details.
C:\Users\caleb\OneDrive\Desktop\Language TRANSLATION\Programs\Program 1\LangProg2\Scanner.c(349,9): warning C4996: 'strcpy': This function or variable may be unsafe. Consider using strcpy_s instead. To disable deprecation, use _CRT_SECURE_NO_WARNINGS. See online help for details.
C:\Users\caleb\OneDrive\Desktop\Language TRANSLATION\Programs\Program 1\LangProg2\Scanner.c(352,9): warning C4996: 'strcpy': This function or variable may be unsafe. Consider using strcpy_s instead. To disable deprecation, use _CRT_SECURE_NO_WARNINGS. See online help for details.
C:\Users\caleb\OneDrive\Desktop\Language TRANSLATION\Programs\Program 1\LangProg2\Scanner.c(355,9): warning C4996: 'strcpy': This function or variable may be unsafe. Consider using strcpy_s instead. To disable deprecation, use _CRT_SECURE_NO_WARNINGS. See online help for details.
C:\Users\caleb\OneDrive\Desktop\Language TRANSLATION\Programs\Program 1\LangProg2\Scanner.c(358,9): warning C4996: 'strcpy': This function or variable may be unsafe. Consider using strcpy_s instead. To disable deprecation, use _CRT_SECURE_NO_WARNINGS. See online help for details.
C:\Users\caleb\OneDrive\Desktop\Language TRANSLATION\Programs\Program 1\LangProg2\Scanner.c(361,9): warning C4996: 'strcpy': This function or variable may be unsafe. Consider using strcpy_s instead. To disable deprecation, use _CRT_SECURE_NO_WARNINGS. See online help for details.
C:\Users\caleb\OneDrive\Desktop\Language TRANSLATION\Programs\Program 1\LangProg2\Scanner.c(364,9): warning C4996: 'strcpy': This function or variable may be unsafe. Consider using strcpy_s instead. To disable deprecation, use _CRT_SECURE_NO_WARNINGS. See online help for details.
C:\Users\caleb\OneDrive\Desktop\Language TRANSLATION\Programs\Program 1\LangProg2\Scanner.c(367,9): warning C4996: 'strcpy': This function or variable may be unsafe. Consider using strcpy_s instead. To disable deprecation, use _CRT_SECURE_NO_WARNINGS. See online help for details.
C:\Users\caleb\OneDrive\Desktop\Language TRANSLATION\Programs\Program 1\LangProg2\Scanner.c(370,9): warning C4996: 'strcpy': This function or variable may be unsafe. Consider using strcpy_s instead. To disable deprecation, use _CRT_SECURE_NO_WARNINGS. See online help for details.
C:\Users\caleb\OneDrive\Desktop\Language TRANSLATION\Programs\Program 1\LangProg2\Scanner.c(373,9): warning C4996: 'strcpy': This function or variable may be unsafe. Consider using strcpy_s instead. To disable deprecation, use _CRT_SECURE_NO_WARNINGS. See online help for details.
C:\Users\caleb\OneDrive\Desktop\Language TRANSLATION\Programs\Program 1\LangProg2\Scanner.c(376,9): warning C4996: 'strcpy': This function or variable may be unsafe. Consider using strcpy_s instead. To disable deprecation, use _CRT_SECURE_NO_WARNINGS. See online help for details.
C:\Users\caleb\OneDrive\Desktop\Language TRANSLATION\Programs\Program 1\LangProg2\Scanner.c(379,9): warning C4996: 'strcpy': This function or variable may be unsafe. Consider using strcpy_s instead. To disable deprecation, use _CRT_SECURE_NO_WARNINGS. See online help for details.
C:\Users\caleb\OneDrive\Desktop\Language TRANSLATION\Programs\Program 1\LangProg2\Scanner.c(382,9): warning C4996: 'strcpy': This function or variable may be unsafe. Consider using strcpy_s instead. To disable deprecation, use _CRT_SECURE_NO_WARNINGS. See online help for details.
C:\Users\caleb\OneDrive\Desktop\Language TRANSLATION\Programs\Program 1\LangProg2\Scanner.c(385,9): warning C4996: 'strcpy': This function or variable may be unsafe. Consider using strcpy_s instead. To disable deprecation, use _CRT_SECURE_NO_WARNINGS. See online help for details.
C:\Users\caleb\OneDrive\Desktop\Language TRANSLATION\Programs\Program 1\LangProg2\Scanner.c(388,9): warning C4996: 'strcpy': This function or variable may be unsafe. Consider using strcpy_s instead. To disable deprecation, use _CRT_SECURE_NO_WARNINGS. See online help for details.
C:\Users\caleb\OneDrive\Desktop\Language TRANSLATION\Programs\Program 1\LangProg2\Scanner.c(391,9): warning C4996: 'strcpy': This function or variable may be unsafe. Consider using strcpy_s instead. To disable deprecation, use _CRT_SECURE_NO_WARNINGS. See online help for details.
C:\Users\caleb\OneDrive\Desktop\Language TRANSLATION\Programs\Program 1\LangProg2\Scanner.c(394,9): warning C4996: 'strcpy': This function or variable may be unsafe. Consider using strcpy_s instead. To disable deprecation, use _CRT_SECURE_NO_WARNINGS. See online help for details.
C:\Users\caleb\OneDrive\Desktop\Language TRANSLATION\Programs\Program 1\LangProg2\Scanner.c(397,9): warning C4996: 'strcpy': This function or variable may be unsafe. Consider using strcpy_s instead. To disable deprecation, use _CRT_SECURE_NO_WARNINGS. See online help for details.
C:\Users\caleb\OneDrive\Desktop\Language TRANSLATION\Programs\Program 1\LangProg2\Scanner.c(400,9): warning C4996: 'strcpy': This function or variable may be unsafe. Consider using strcpy_s instead. To disable deprecation, use _CRT_SECURE_NO_WARNINGS. See online help for details.
C:\Users\caleb\OneDrive\Desktop\Language TRANSLATION\Programs\Program 1\LangProg2\Scanner.c(403,9): warning C4996: 'strcpy': This function or variable may be unsafe. Consider using strcpy_s instead. To disable deprecation, use _CRT_SECURE_NO_WARNINGS. See online help for details.
C:\Users\caleb\OneDrive\Desktop\Language TRANSLATION\Programs\Program 1\LangProg2\Scanner.c(406,9): warning C4996: 'strcpy': This function or variable may be unsafe. Consider using strcpy_s instead. To disable deprecation, use _CRT_SECURE_NO_WARNINGS. See online help for details.
C:\Users\caleb\OneDrive\Desktop\Language TRANSLATION\Programs\Program 1\LangProg2\Scanner.c(409,9): warning C4996: 'strcpy': This function or variable may be unsafe. Consider using strcpy_s instead. To disable deprecation, use _CRT_SECURE_NO_WARNINGS. See online help for details.
C:\Users\caleb\OneDrive\Desktop\Language TRANSLATION\Programs\Program 1\LangProg2\Scanner.c(412,9): warning C4996: 'strcpy': This function or variable may be unsafe. Consider using strcpy_s instead. To disable deprecation, use _CRT_SECURE_NO_WARNINGS. See online help for details.
C:\Users\caleb\OneDrive\Desktop\Language TRANSLATION\Programs\Program 1\LangProg2\Scanner.c(415,9): warning C4996: 'strcpy': This function or variable may be unsafe. Consider using strcpy_s instead. To disable deprecation, use _CRT_SECURE_NO_WARNINGS. See online help for details.
C:\Users\caleb\OneDrive\Desktop\Language TRANSLATION\Programs\Program 1\LangProg2\Scanner.c(418,9): warning C4996: 'strcpy': This function or variable may be unsafe. Consider using strcpy_s instead. To disable deprecation, use _CRT_SECURE_NO_WARNINGS. See online help for details.
C:\Users\caleb\OneDrive\Desktop\Language TRANSLATION\Programs\Program 1\LangProg2\Scanner.c(427,26): warning C4013: 'toupper' undefined; assuming extern returning int
C:\Users\caleb\OneDrive\Desktop\Language TRANSLATION\Programs\Program 1\LangProg2\Scanner.c(507,13): warning C4996: 'strcat': This function or variable may be unsafe. Consider using strcat_s instead. To disable deprecation, use _CRT_SECURE_NO_WARNINGS. See online help for details.
C:\Users\caleb\OneDrive\Desktop\Language TRANSLATION\Programs\Program 1\LangProg2\Scanner.c(287): warning C4715: 'tokenScanner': not all control paths return a value
  LangProg1.vcxproj -> C:\Users\caleb\OneDrive\Desktop\Language TRANSLATION\Programs\Program 1\LangProg2\Debug\LangProg2.exe
