  Scanner.c
C:\Users\caleb\OneDrive\Desktop\Language TRANSLATION\Programs\Program4-CodeGenerator\Program 4 - Code Generator\Scanner.c(55,26): warning C4013: 'updateList' undefined; assuming extern returning int
C:\Users\caleb\OneDrive\Desktop\Language TRANSLATION\Programs\Program4-CodeGenerator\Program 4 - Code Generator\Scanner.c(73,38): warning C4013: 'returnAndPrint' undefined; assuming extern returning int
C:\Users\caleb\OneDrive\Desktop\Language TRANSLATION\Programs\Program4-CodeGenerator\Program 4 - Code Generator\Scanner.c(170,25): warning C4996: 'strcpy': This function or variable may be unsafe. Consider using strcpy_s instead. To disable deprecation, use _CRT_SECURE_NO_WARNINGS. See online help for details.
C:\Users\caleb\OneDrive\Desktop\Language TRANSLATION\Programs\Program4-CodeGenerator\Program 4 - Code Generator\Scanner.c(151,17): warning C4101: 'i': unreferenced local variable
C:\Users\caleb\OneDrive\Desktop\Language TRANSLATION\Programs\Program4-CodeGenerator\Program 4 - Code Generator\Scanner.c(395,9): warning C4996: 'strcpy': This function or variable may be unsafe. Consider using strcpy_s instead. To disable deprecation, use _CRT_SECURE_NO_WARNINGS. See online help for details.
C:\Users\caleb\OneDrive\Desktop\Language TRANSLATION\Programs\Program4-CodeGenerator\Program 4 - Code Generator\Scanner.c(398,9): warning C4996: 'strcpy': This function or variable may be unsafe. Consider using strcpy_s instead. To disable deprecation, use _CRT_SECURE_NO_WARNINGS. See online help for details.
C:\Users\caleb\OneDrive\Desktop\Language TRANSLATION\Programs\Program4-CodeGenerator\Program 4 - Code Generator\Scanner.c(401,9): warning C4996: 'strcpy': This function or variable may be unsafe. Consider using strcpy_s instead. To disable deprecation, use _CRT_SECURE_NO_WARNINGS. See online help for details.
C:\Users\caleb\OneDrive\Desktop\Language TRANSLATION\Programs\Program4-CodeGenerator\Program 4 - Code Generator\Scanner.c(404,9): warning C4996: 'strcpy': This function or variable may be unsafe. Consider using strcpy_s instead. To disable deprecation, use _CRT_SECURE_NO_WARNINGS. See online help for details.
C:\Users\caleb\OneDrive\Desktop\Language TRANSLATION\Programs\Program4-CodeGenerator\Program 4 - Code Generator\Scanner.c(407,9): warning C4996: 'strcpy': This function or variable may be unsafe. Consider using strcpy_s instead. To disable deprecation, use _CRT_SECURE_NO_WARNINGS. See online help for details.
C:\Users\caleb\OneDrive\Desktop\Language TRANSLATION\Programs\Program4-CodeGenerator\Program 4 - Code Generator\Scanner.c(410,9): warning C4996: 'strcpy': This function or variable may be unsafe. Consider using strcpy_s instead. To disable deprecation, use _CRT_SECURE_NO_WARNINGS. See online help for details.
C:\Users\caleb\OneDrive\Desktop\Language TRANSLATION\Programs\Program4-CodeGenerator\Program 4 - Code Generator\Scanner.c(413,9): warning C4996: 'strcpy': This function or variable may be unsafe. Consider using strcpy_s instead. To disable deprecation, use _CRT_SECURE_NO_WARNINGS. See online help for details.
C:\Users\caleb\OneDrive\Desktop\Language TRANSLATION\Programs\Program4-CodeGenerator\Program 4 - Code Generator\Scanner.c(416,9): warning C4996: 'strcpy': This function or variable may be unsafe. Consider using strcpy_s instead. To disable deprecation, use _CRT_SECURE_NO_WARNINGS. See online help for details.
C:\Users\caleb\OneDrive\Desktop\Language TRANSLATION\Programs\Program4-CodeGenerator\Program 4 - Code Generator\Scanner.c(419,9): warning C4996: 'strcpy': This function or variable may be unsafe. Consider using strcpy_s instead. To disable deprecation, use _CRT_SECURE_NO_WARNINGS. See online help for details.
C:\Users\caleb\OneDrive\Desktop\Language TRANSLATION\Programs\Program4-CodeGenerator\Program 4 - Code Generator\Scanner.c(422,9): warning C4996: 'strcpy': This function or variable may be unsafe. Consider using strcpy_s instead. To disable deprecation, use _CRT_SECURE_NO_WARNINGS. See online help for details.
C:\Users\caleb\OneDrive\Desktop\Language TRANSLATION\Programs\Program4-CodeGenerator\Program 4 - Code Generator\Scanner.c(425,9): warning C4996: 'strcpy': This function or variable may be unsafe. Consider using strcpy_s instead. To disable deprecation, use _CRT_SECURE_NO_WARNINGS. See online help for details.
C:\Users\caleb\OneDrive\Desktop\Language TRANSLATION\Programs\Program4-CodeGenerator\Program 4 - Code Generator\Scanner.c(428,9): warning C4996: 'strcpy': This function or variable may be unsafe. Consider using strcpy_s instead. To disable deprecation, use _CRT_SECURE_NO_WARNINGS. See online help for details.
C:\Users\caleb\OneDrive\Desktop\Language TRANSLATION\Programs\Program4-CodeGenerator\Program 4 - Code Generator\Scanner.c(431,9): warning C4996: 'strcpy': This function or variable may be unsafe. Consider using strcpy_s instead. To disable deprecation, use _CRT_SECURE_NO_WARNINGS. See online help for details.
C:\Users\caleb\OneDrive\Desktop\Language TRANSLATION\Programs\Program4-CodeGenerator\Program 4 - Code Generator\Scanner.c(434,9): warning C4996: 'strcpy': This function or variable may be unsafe. Consider using strcpy_s instead. To disable deprecation, use _CRT_SECURE_NO_WARNINGS. See online help for details.
C:\Users\caleb\OneDrive\Desktop\Language TRANSLATION\Programs\Program4-CodeGenerator\Program 4 - Code Generator\Scanner.c(437,9): warning C4996: 'strcpy': This function or variable may be unsafe. Consider using strcpy_s instead. To disable deprecation, use _CRT_SECURE_NO_WARNINGS. See online help for details.
C:\Users\caleb\OneDrive\Desktop\Language TRANSLATION\Programs\Program4-CodeGenerator\Program 4 - Code Generator\Scanner.c(440,9): warning C4996: 'strcpy': This function or variable may be unsafe. Consider using strcpy_s instead. To disable deprecation, use _CRT_SECURE_NO_WARNINGS. See online help for details.
C:\Users\caleb\OneDrive\Desktop\Language TRANSLATION\Programs\Program4-CodeGenerator\Program 4 - Code Generator\Scanner.c(443,9): warning C4996: 'strcpy': This function or variable may be unsafe. Consider using strcpy_s instead. To disable deprecation, use _CRT_SECURE_NO_WARNINGS. See online help for details.
C:\Users\caleb\OneDrive\Desktop\Language TRANSLATION\Programs\Program4-CodeGenerator\Program 4 - Code Generator\Scanner.c(446,9): warning C4996: 'strcpy': This function or variable may be unsafe. Consider using strcpy_s instead. To disable deprecation, use _CRT_SECURE_NO_WARNINGS. See online help for details.
C:\Users\caleb\OneDrive\Desktop\Language TRANSLATION\Programs\Program4-CodeGenerator\Program 4 - Code Generator\Scanner.c(449,9): warning C4996: 'strcpy': This function or variable may be unsafe. Consider using strcpy_s instead. To disable deprecation, use _CRT_SECURE_NO_WARNINGS. See online help for details.
C:\Users\caleb\OneDrive\Desktop\Language TRANSLATION\Programs\Program4-CodeGenerator\Program 4 - Code Generator\Scanner.c(452,9): warning C4996: 'strcpy': This function or variable may be unsafe. Consider using strcpy_s instead. To disable deprecation, use _CRT_SECURE_NO_WARNINGS. See online help for details.
C:\Users\caleb\OneDrive\Desktop\Language TRANSLATION\Programs\Program4-CodeGenerator\Program 4 - Code Generator\Scanner.c(455,9): warning C4996: 'strcpy': This function or variable may be unsafe. Consider using strcpy_s instead. To disable deprecation, use _CRT_SECURE_NO_WARNINGS. See online help for details.
C:\Users\caleb\OneDrive\Desktop\Language TRANSLATION\Programs\Program4-CodeGenerator\Program 4 - Code Generator\Scanner.c(458,9): warning C4996: 'strcpy': This function or variable may be unsafe. Consider using strcpy_s instead. To disable deprecation, use _CRT_SECURE_NO_WARNINGS. See online help for details.
C:\Users\caleb\OneDrive\Desktop\Language TRANSLATION\Programs\Program4-CodeGenerator\Program 4 - Code Generator\Scanner.c(461,9): warning C4996: 'strcpy': This function or variable may be unsafe. Consider using strcpy_s instead. To disable deprecation, use _CRT_SECURE_NO_WARNINGS. See online help for details.
C:\Users\caleb\OneDrive\Desktop\Language TRANSLATION\Programs\Program4-CodeGenerator\Program 4 - Code Generator\Scanner.c(464,9): warning C4996: 'strcpy': This function or variable may be unsafe. Consider using strcpy_s instead. To disable deprecation, use _CRT_SECURE_NO_WARNINGS. See online help for details.
C:\Users\caleb\OneDrive\Desktop\Language TRANSLATION\Programs\Program4-CodeGenerator\Program 4 - Code Generator\Scanner.c(467,9): warning C4996: 'strcpy': This function or variable may be unsafe. Consider using strcpy_s instead. To disable deprecation, use _CRT_SECURE_NO_WARNINGS. See online help for details.
C:\Users\caleb\OneDrive\Desktop\Language TRANSLATION\Programs\Program4-CodeGenerator\Program 4 - Code Generator\Scanner.c(470,9): warning C4996: 'strcpy': This function or variable may be unsafe. Consider using strcpy_s instead. To disable deprecation, use _CRT_SECURE_NO_WARNINGS. See online help for details.
C:\Users\caleb\OneDrive\Desktop\Language TRANSLATION\Programs\Program4-CodeGenerator\Program 4 - Code Generator\Scanner.c(473,9): warning C4996: 'strcpy': This function or variable may be unsafe. Consider using strcpy_s instead. To disable deprecation, use _CRT_SECURE_NO_WARNINGS. See online help for details.
C:\Users\caleb\OneDrive\Desktop\Language TRANSLATION\Programs\Program4-CodeGenerator\Program 4 - Code Generator\Scanner.c(476,9): warning C4996: 'strcpy': This function or variable may be unsafe. Consider using strcpy_s instead. To disable deprecation, use _CRT_SECURE_NO_WARNINGS. See online help for details.
C:\Users\caleb\OneDrive\Desktop\Language TRANSLATION\Programs\Program4-CodeGenerator\Program 4 - Code Generator\Scanner.c(479,9): warning C4996: 'strcpy': This function or variable may be unsafe. Consider using strcpy_s instead. To disable deprecation, use _CRT_SECURE_NO_WARNINGS. See online help for details.
C:\Users\caleb\OneDrive\Desktop\Language TRANSLATION\Programs\Program4-CodeGenerator\Program 4 - Code Generator\Scanner.c(482,9): warning C4996: 'strcpy': This function or variable may be unsafe. Consider using strcpy_s instead. To disable deprecation, use _CRT_SECURE_NO_WARNINGS. See online help for details.
C:\Users\caleb\OneDrive\Desktop\Language TRANSLATION\Programs\Program4-CodeGenerator\Program 4 - Code Generator\Scanner.c(485,9): warning C4996: 'strcpy': This function or variable may be unsafe. Consider using strcpy_s instead. To disable deprecation, use _CRT_SECURE_NO_WARNINGS. See online help for details.
C:\Users\caleb\OneDrive\Desktop\Language TRANSLATION\Programs\Program4-CodeGenerator\Program 4 - Code Generator\Scanner.c(488,9): warning C4996: 'strcpy': This function or variable may be unsafe. Consider using strcpy_s instead. To disable deprecation, use _CRT_SECURE_NO_WARNINGS. See online help for details.
C:\Users\caleb\OneDrive\Desktop\Language TRANSLATION\Programs\Program4-CodeGenerator\Program 4 - Code Generator\Scanner.c(491,9): warning C4996: 'strcpy': This function or variable may be unsafe. Consider using strcpy_s instead. To disable deprecation, use _CRT_SECURE_NO_WARNINGS. See online help for details.
C:\Users\caleb\OneDrive\Desktop\Language TRANSLATION\Programs\Program4-CodeGenerator\Program 4 - Code Generator\Scanner.c(494,9): warning C4996: 'strcpy': This function or variable may be unsafe. Consider using strcpy_s instead. To disable deprecation, use _CRT_SECURE_NO_WARNINGS. See online help for details.
C:\Users\caleb\OneDrive\Desktop\Language TRANSLATION\Programs\Program4-CodeGenerator\Program 4 - Code Generator\Scanner.c(504,28): warning C4013: 'toupper' undefined; assuming extern returning int
C:\Users\caleb\OneDrive\Desktop\Language TRANSLATION\Programs\Program4-CodeGenerator\Program 4 - Code Generator\Scanner.c(572,9): warning C4996: 'sprintf': This function or variable may be unsafe. Consider using sprintf_s instead. To disable deprecation, use _CRT_SECURE_NO_WARNINGS. See online help for details.
C:\Users\caleb\OneDrive\Desktop\Language TRANSLATION\Programs\Program4-CodeGenerator\Program 4 - Code Generator\Scanner.c(574,9): warning C4996: 'strcat': This function or variable may be unsafe. Consider using strcat_s instead. To disable deprecation, use _CRT_SECURE_NO_WARNINGS. See online help for details.
C:\Users\caleb\OneDrive\Desktop\Language TRANSLATION\Programs\Program4-CodeGenerator\Program 4 - Code Generator\Scanner.c(575,9): warning C4996: 'strcat': This function or variable may be unsafe. Consider using strcat_s instead. To disable deprecation, use _CRT_SECURE_NO_WARNINGS. See online help for details.
C:\Users\caleb\OneDrive\Desktop\Language TRANSLATION\Programs\Program4-CodeGenerator\Program 4 - Code Generator\Scanner.c(316): warning C4715: 'tokenScanner': not all control paths return a value
  Program 4 - Code Generator.vcxproj -> C:\Users\caleb\OneDrive\Desktop\Language TRANSLATION\Programs\Program4-CodeGenerator\Program 4 - Code Generator\Debug\Program 4 - Code Generator.exe
