c:\users\958\desktop\langtranslation\prog4codegenerator\program4 - code generator\debug\vc142.pdb
c:\users\958\desktop\langtranslation\prog4codegenerator\program4 - code generator\debug\vc142.idb
c:\users\958\desktop\langtranslation\prog4codegenerator\program4 - code generator\debug\main.obj
c:\users\958\desktop\langtranslation\prog4codegenerator\program4 - code generator\debug\file_util.obj
c:\users\958\desktop\langtranslation\prog4codegenerator\program4 - code generator\debug\scanner.obj
c:\users\958\desktop\langtranslation\prog4codegenerator\program4 - code generator\debug\parser.obj
c:\users\958\desktop\langtranslation\prog4codegenerator\program4 - code generator\debug\codegenerator.obj
c:\users\958\desktop\langtranslation\prog4codegenerator\program4 - code generator\debug\codegenerator.obj.enc
c:\users\958\desktop\langtranslation\prog4codegenerator\program4 - code generator\debug\main.obj.enc
c:\users\958\desktop\langtranslation\prog4codegenerator\program4 - code generator\debug\program4 - code generator.pdb
c:\users\958\desktop\langtranslation\prog4codegenerator\program4 - code generator\debug\program4.51a19c57.tlog\cl.command.1.tlog
c:\users\958\desktop\langtranslation\prog4codegenerator\program4 - code generator\debug\program4.51a19c57.tlog\cl.read.1.tlog
c:\users\958\desktop\langtranslation\prog4codegenerator\program4 - code generator\debug\program4.51a19c57.tlog\cl.write.1.tlog
c:\users\958\desktop\langtranslation\prog4codegenerator\program4 - code generator\debug\program4.51a19c57.tlog\link.9580-cvtres.read.1.tlog
c:\users\958\desktop\langtranslation\prog4codegenerator\program4 - code generator\debug\program4.51a19c57.tlog\link.9580-cvtres.write.1.tlog
c:\users\958\desktop\langtranslation\prog4codegenerator\program4 - code generator\debug\program4.51a19c57.tlog\link.9580-rc.read.1.tlog
c:\users\958\desktop\langtranslation\prog4codegenerator\program4 - code generator\debug\program4.51a19c57.tlog\link.9580-rc.write.1.tlog
c:\users\958\desktop\langtranslation\prog4codegenerator\program4 - code generator\debug\program4.51a19c57.tlog\link.9580.read.1.tlog
c:\users\958\desktop\langtranslation\prog4codegenerator\program4 - code generator\debug\program4.51a19c57.tlog\link.9580.write.1.tlog
c:\users\958\desktop\langtranslation\prog4codegenerator\program4 - code generator\debug\program4.51a19c57.tlog\link.command.1.tlog
c:\users\958\desktop\langtranslation\prog4codegenerator\program4 - code generator\debug\program4.51a19c57.tlog\link.read.1.tlog
c:\users\958\desktop\langtranslation\prog4codegenerator\program4 - code generator\debug\program4.51a19c57.tlog\link.write.1.tlog
