  file_Util.c
C:\Users\caleb\OneDrive\Desktop\Language TRANSLATION\Programs\Program 1\LangProg1\file_Util.c(113,19): warning C4018: '<': signed/unsigned mismatch
C:\Users\caleb\OneDrive\Desktop\Language TRANSLATION\Programs\Program 1\LangProg1\file_Util.c(154,18): warning C4018: '<': signed/unsigned mismatch
C:\Users\caleb\OneDrive\Desktop\Language TRANSLATION\Programs\Program 1\LangProg1\file_Util.c(178,21): warning C4047: '=': 'char' differs in levels of indirection from 'char [2]'
C:\Users\caleb\OneDrive\Desktop\Language TRANSLATION\Programs\Program 1\LangProg1\file_Util.c(197,19): warning C4018: '<': signed/unsigned mismatch
C:\Users\caleb\OneDrive\Desktop\Language TRANSLATION\Programs\Program 1\LangProg1\file_Util.c(56,3): warning C4996: 'strcpy': This function or variable may be unsafe. Consider using strcpy_s instead. To disable deprecation, use _CRT_SECURE_NO_WARNINGS. See online help for details.
C:\Users\caleb\OneDrive\Desktop\Language TRANSLATION\Programs\Program 1\LangProg1\file_Util.c(60,4): warning C4996: 'strcat': This function or variable may be unsafe. Consider using strcat_s instead. To disable deprecation, use _CRT_SECURE_NO_WARNINGS. See online help for details.
C:\Users\caleb\OneDrive\Desktop\Language TRANSLATION\Programs\Program 1\LangProg1\file_Util.c(74,4): warning C4996: 'strcpy': This function or variable may be unsafe. Consider using strcpy_s instead. To disable deprecation, use _CRT_SECURE_NO_WARNINGS. See online help for details.
C:\Users\caleb\OneDrive\Desktop\Language TRANSLATION\Programs\Program 1\LangProg1\file_Util.c(77,5): warning C4996: 'strcat': This function or variable may be unsafe. Consider using strcat_s instead. To disable deprecation, use _CRT_SECURE_NO_WARNINGS. See online help for details.
C:\Users\caleb\OneDrive\Desktop\Language TRANSLATION\Programs\Program 1\LangProg1\file_Util.c(125,5): warning C4996: 'strcat': This function or variable may be unsafe. Consider using strcat_s instead. To disable deprecation, use _CRT_SECURE_NO_WARNINGS. See online help for details.
C:\Users\caleb\OneDrive\Desktop\Language TRANSLATION\Programs\Program 1\LangProg1\file_Util.c(170,5): warning C4996: 'strcat': This function or variable may be unsafe. Consider using strcat_s instead. To disable deprecation, use _CRT_SECURE_NO_WARNINGS. See online help for details.
C:\Users\caleb\OneDrive\Desktop\Language TRANSLATION\Programs\Program 1\LangProg1\file_Util.c(177,4): warning C4996: 'strcpy': This function or variable may be unsafe. Consider using strcpy_s instead. To disable deprecation, use _CRT_SECURE_NO_WARNINGS. See online help for details.
C:\Users\caleb\OneDrive\Desktop\Language TRANSLATION\Programs\Program 1\LangProg1\file_Util.c(209,5): warning C4996: 'strcpy': This function or variable may be unsafe. Consider using strcpy_s instead. To disable deprecation, use _CRT_SECURE_NO_WARNINGS. See online help for details.
C:\Users\caleb\OneDrive\Desktop\Language TRANSLATION\Programs\Program 1\LangProg1\file_Util.c(210,5): warning C4996: 'strcpy': This function or variable may be unsafe. Consider using strcpy_s instead. To disable deprecation, use _CRT_SECURE_NO_WARNINGS. See online help for details.
C:\Users\caleb\OneDrive\Desktop\Language TRANSLATION\Programs\Program 1\LangProg1\file_Util.c(232,6): warning C4996: 'strcat': This function or variable may be unsafe. Consider using strcat_s instead. To disable deprecation, use _CRT_SECURE_NO_WARNINGS. See online help for details.
C:\Users\caleb\OneDrive\Desktop\Language TRANSLATION\Programs\Program 1\LangProg1\file_Util.c(246,3): warning C4996: 'strcpy': This function or variable may be unsafe. Consider using strcpy_s instead. To disable deprecation, use _CRT_SECURE_NO_WARNINGS. See online help for details.
C:\Users\caleb\OneDrive\Desktop\Language TRANSLATION\Programs\Program 1\LangProg1\file_Util.c(257,3): warning C4996: 'strcat': This function or variable may be unsafe. Consider using strcat_s instead. To disable deprecation, use _CRT_SECURE_NO_WARNINGS. See online help for details.
C:\Users\caleb\OneDrive\Desktop\Language TRANSLATION\Programs\Program 1\LangProg1\file_Util.c(264,4): warning C4996: 'strcat': This function or variable may be unsafe. Consider using strcat_s instead. To disable deprecation, use _CRT_SECURE_NO_WARNINGS. See online help for details.
C:\Users\caleb\OneDrive\Desktop\Language TRANSLATION\Programs\Program 1\LangProg1\file_Util.c(266,10): warning C4996: 'fopen': This function or variable may be unsafe. Consider using fopen_s instead. To disable deprecation, use _CRT_SECURE_NO_WARNINGS. See online help for details.
C:\Users\caleb\OneDrive\Desktop\Language TRANSLATION\Programs\Program 1\LangProg1\file_Util.c(269,10): warning C4996: 'fopen': This function or variable may be unsafe. Consider using fopen_s instead. To disable deprecation, use _CRT_SECURE_NO_WARNINGS. See online help for details.
C:\Users\caleb\OneDrive\Desktop\Language TRANSLATION\Programs\Program 1\LangProg1\file_Util.c(48,7): warning C4101: 'c': unreferenced local variable
C:\Users\caleb\OneDrive\Desktop\Language TRANSLATION\Programs\Program 1\LangProg1\file_Util.c(308,12): warning C4996: 'fopen': This function or variable may be unsafe. Consider using fopen_s instead. To disable deprecation, use _CRT_SECURE_NO_WARNINGS. See online help for details.
C:\Users\caleb\OneDrive\Desktop\Language TRANSLATION\Programs\Program 1\LangProg1\file_Util.c(342,10): warning C4477: 'printf' : format string '%s' requires an argument of type 'char *', but variadic argument 1 has type 'FILE *'
C:\Users\caleb\OneDrive\Desktop\Language TRANSLATION\Programs\Program 1\LangProg1\file_Util.c(348,10): warning C4477: 'printf' : format string '%s' requires an argument of type 'char *', but variadic argument 1 has type 'FILE *'
C:\Users\caleb\OneDrive\Desktop\Language TRANSLATION\Programs\Program 1\LangProg1\file_Util.c(376,6): warning C4996: 'fopen': This function or variable may be unsafe. Consider using fopen_s instead. To disable deprecation, use _CRT_SECURE_NO_WARNINGS. See online help for details.
C:\Users\caleb\OneDrive\Desktop\Language TRANSLATION\Programs\Program 1\LangProg1\file_Util.c(394,6): warning C4996: 'fopen': This function or variable may be unsafe. Consider using fopen_s instead. To disable deprecation, use _CRT_SECURE_NO_WARNINGS. See online help for details.
  LangProg1.vcxproj -> C:\Users\caleb\OneDrive\Desktop\Language TRANSLATION\Programs\Program 1\LangProg1\Debug\LangProg1.exe
