C:\Program Files (x86)\Microsoft Visual Studio\2019\Community\MSBuild\Microsoft\VC\v160\Microsoft.CppBuild.targets(513,5): warning MSB8028: The intermediate directory (Debug\) contains files shared from another project (LangProg1.vcxproj).  This can lead to incorrect clean and rebuild behavior.
  file_util.c
C:\Users\caleb\OneDrive\Desktop\Language TRANSLATION\Programs\Program 1\LangProg4 - Code Generator\file_util.c(113,19): warning C4018: '<': signed/unsigned mismatch
C:\Users\caleb\OneDrive\Desktop\Language TRANSLATION\Programs\Program 1\LangProg4 - Code Generator\file_util.c(154,18): warning C4018: '<': signed/unsigned mismatch
C:\Users\caleb\OneDrive\Desktop\Language TRANSLATION\Programs\Program 1\LangProg4 - Code Generator\file_util.c(197,19): warning C4018: '<': signed/unsigned mismatch
C:\Users\caleb\OneDrive\Desktop\Language TRANSLATION\Programs\Program 1\LangProg4 - Code Generator\file_util.c(56,3): warning C4996: 'strcpy': This function or variable may be unsafe. Consider using strcpy_s instead. To disable deprecation, use _CRT_SECURE_NO_WARNINGS. See online help for details.
C:\Users\caleb\OneDrive\Desktop\Language TRANSLATION\Programs\Program 1\LangProg4 - Code Generator\file_util.c(60,4): warning C4996: 'strcat': This function or variable may be unsafe. Consider using strcat_s instead. To disable deprecation, use _CRT_SECURE_NO_WARNINGS. See online help for details.
C:\Users\caleb\OneDrive\Desktop\Language TRANSLATION\Programs\Program 1\LangProg4 - Code Generator\file_util.c(74,4): warning C4996: 'strcpy': This function or variable may be unsafe. Consider using strcpy_s instead. To disable deprecation, use _CRT_SECURE_NO_WARNINGS. See online help for details.
C:\Users\caleb\OneDrive\Desktop\Language TRANSLATION\Programs\Program 1\LangProg4 - Code Generator\file_util.c(77,5): warning C4996: 'strcat': This function or variable may be unsafe. Consider using strcat_s instead. To disable deprecation, use _CRT_SECURE_NO_WARNINGS. See online help for details.
C:\Users\caleb\OneDrive\Desktop\Language TRANSLATION\Programs\Program 1\LangProg4 - Code Generator\file_util.c(125,5): warning C4996: 'strcat': This function or variable may be unsafe. Consider using strcat_s instead. To disable deprecation, use _CRT_SECURE_NO_WARNINGS. See online help for details.
C:\Users\caleb\OneDrive\Desktop\Language TRANSLATION\Programs\Program 1\LangProg4 - Code Generator\file_util.c(170,5): warning C4996: 'strcat': This function or variable may be unsafe. Consider using strcat_s instead. To disable deprecation, use _CRT_SECURE_NO_WARNINGS. See online help for details.
C:\Users\caleb\OneDrive\Desktop\Language TRANSLATION\Programs\Program 1\LangProg4 - Code Generator\file_util.c(177,4): warning C4996: 'strcpy': This function or variable may be unsafe. Consider using strcpy_s instead. To disable deprecation, use _CRT_SECURE_NO_WARNINGS. See online help for details.
C:\Users\caleb\OneDrive\Desktop\Language TRANSLATION\Programs\Program 1\LangProg4 - Code Generator\file_util.c(209,5): warning C4996: 'strcpy': This function or variable may be unsafe. Consider using strcpy_s instead. To disable deprecation, use _CRT_SECURE_NO_WARNINGS. See online help for details.
C:\Users\caleb\OneDrive\Desktop\Language TRANSLATION\Programs\Program 1\LangProg4 - Code Generator\file_util.c(210,5): warning C4996: 'strcpy': This function or variable may be unsafe. Consider using strcpy_s instead. To disable deprecation, use _CRT_SECURE_NO_WARNINGS. See online help for details.
C:\Users\caleb\OneDrive\Desktop\Language TRANSLATION\Programs\Program 1\LangProg4 - Code Generator\file_util.c(232,6): warning C4996: 'strcat': This function or variable may be unsafe. Consider using strcat_s instead. To disable deprecation, use _CRT_SECURE_NO_WARNINGS. See online help for details.
C:\Users\caleb\OneDrive\Desktop\Language TRANSLATION\Programs\Program 1\LangProg4 - Code Generator\file_util.c(246,3): warning C4996: 'strcpy': This function or variable may be unsafe. Consider using strcpy_s instead. To disable deprecation, use _CRT_SECURE_NO_WARNINGS. See online help for details.
C:\Users\caleb\OneDrive\Desktop\Language TRANSLATION\Programs\Program 1\LangProg4 - Code Generator\file_util.c(257,3): warning C4996: 'strcat': This function or variable may be unsafe. Consider using strcat_s instead. To disable deprecation, use _CRT_SECURE_NO_WARNINGS. See online help for details.
C:\Users\caleb\OneDrive\Desktop\Language TRANSLATION\Programs\Program 1\LangProg4 - Code Generator\file_util.c(264,4): warning C4996: 'strcat': This function or variable may be unsafe. Consider using strcat_s instead. To disable deprecation, use _CRT_SECURE_NO_WARNINGS. See online help for details.
C:\Users\caleb\OneDrive\Desktop\Language TRANSLATION\Programs\Program 1\LangProg4 - Code Generator\file_util.c(266,10): warning C4996: 'fopen': This function or variable may be unsafe. Consider using fopen_s instead. To disable deprecation, use _CRT_SECURE_NO_WARNINGS. See online help for details.
C:\Users\caleb\OneDrive\Desktop\Language TRANSLATION\Programs\Program 1\LangProg4 - Code Generator\file_util.c(269,10): warning C4996: 'fopen': This function or variable may be unsafe. Consider using fopen_s instead. To disable deprecation, use _CRT_SECURE_NO_WARNINGS. See online help for details.
C:\Users\caleb\OneDrive\Desktop\Language TRANSLATION\Programs\Program 1\LangProg4 - Code Generator\file_util.c(48,7): warning C4101: 'c': unreferenced local variable
C:\Users\caleb\OneDrive\Desktop\Language TRANSLATION\Programs\Program 1\LangProg4 - Code Generator\file_util.c(308,12): warning C4996: 'fopen': This function or variable may be unsafe. Consider using fopen_s instead. To disable deprecation, use _CRT_SECURE_NO_WARNINGS. See online help for details.
C:\Users\caleb\OneDrive\Desktop\Language TRANSLATION\Programs\Program 1\LangProg4 - Code Generator\file_util.c(342,10): warning C4477: 'printf' : format string '%s' requires an argument of type 'char *', but variadic argument 1 has type 'FILE *'
C:\Users\caleb\OneDrive\Desktop\Language TRANSLATION\Programs\Program 1\LangProg4 - Code Generator\file_util.c(348,10): warning C4477: 'printf' : format string '%s' requires an argument of type 'char *', but variadic argument 1 has type 'FILE *'
C:\Users\caleb\OneDrive\Desktop\Language TRANSLATION\Programs\Program 1\LangProg4 - Code Generator\file_util.c(376,6): warning C4996: 'fopen': This function or variable may be unsafe. Consider using fopen_s instead. To disable deprecation, use _CRT_SECURE_NO_WARNINGS. See online help for details.
C:\Users\caleb\OneDrive\Desktop\Language TRANSLATION\Programs\Program 1\LangProg4 - Code Generator\file_util.c(394,6): warning C4996: 'fopen': This function or variable may be unsafe. Consider using fopen_s instead. To disable deprecation, use _CRT_SECURE_NO_WARNINGS. See online help for details.
  LangProg1.vcxproj -> C:\Users\caleb\OneDrive\Desktop\Language TRANSLATION\Programs\Program 1\LangProg4 - Code Generator\Debug\LangProg4 - Code Generator.exe
